<?xml version="1.0" encoding="UTF-8"?>
<testng-results ignored="0" total="3" passed="3" failed="0" skipped="0">
  <reporter-output>
  </reporter-output>
  <suite started-at="2024-07-04T13:15:47 EDT" name="Suite" finished-at="2024-07-04T13:16:05 EDT" duration-ms="18168">
    <groups>
      <group name="submitOrder">
        <method signature="StandAloneTest.submitOrder()[pri:0, instance:Test.StandAloneTest@4d1c005e]" name="submitOrder" class="Test.StandAloneTest"/>
      </group> <!-- submitOrder -->
    </groups>
    <test started-at="2024-07-04T13:15:47 EDT" name="Error validation" finished-at="2024-07-04T13:15:54 EDT" duration-ms="7362">
      <class name="Test.Errorvalidation">
        <test-method is-config="true" signature="LaunchApplication()[pri:0, instance:Test.Errorvalidation@16150369]" started-at="2024-07-04T13:15:47 EDT" name="LaunchApplication" finished-at="2024-07-04T13:15:53 EDT" duration-ms="5753" status="PASS">
          <reporter-output>
          </reporter-output>
        </test-method> <!-- LaunchApplication -->
        <test-method signature="incorrectPassword()[pri:0, instance:Test.Errorvalidation@16150369]" started-at="2024-07-04T13:15:53 EDT" name="incorrectPassword" finished-at="2024-07-04T13:15:54 EDT" duration-ms="1408" status="PASS">
          <reporter-output>
          </reporter-output>
        </test-method> <!-- incorrectPassword -->
        <test-method is-config="true" signature="tearDown()[pri:0, instance:Test.Errorvalidation@16150369]" started-at="2024-07-04T13:15:54 EDT" name="tearDown" finished-at="2024-07-04T13:15:54 EDT" duration-ms="150" status="PASS">
          <reporter-output>
          </reporter-output>
        </test-method> <!-- tearDown -->
      </class> <!-- Test.Errorvalidation -->
    </test> <!-- Error validation -->
    <test started-at="2024-07-04T13:15:47 EDT" name="Submit Order" finished-at="2024-07-04T13:16:05 EDT" duration-ms="18168">
      <class name="Test.StandAloneTest">
        <test-method is-config="true" signature="LaunchApplication()[pri:0, instance:Test.StandAloneTest@4d1c005e]" started-at="2024-07-04T13:15:47 EDT" name="LaunchApplication" finished-at="2024-07-04T13:15:53 EDT" duration-ms="5808" status="PASS">
          <reporter-output>
          </reporter-output>
        </test-method> <!-- LaunchApplication -->
        <test-method signature="incorrectPassword2(java.util.HashMap)[pri:0, instance:Test.StandAloneTest@4d1c005e]" started-at="2024-07-04T13:15:53 EDT" name="incorrectPassword2" data-provider="getData" finished-at="2024-07-04T13:15:54 EDT" duration-ms="1365" status="PASS">
          <params>
            <param index="0">
              <value>
                <![CDATA[{password=Iamking@32323000, email=anshika@gmail.com}]]>
              </value>
            </param>
          </params>
          <reporter-output>
          </reporter-output>
        </test-method> <!-- incorrectPassword2 -->
        <test-method is-config="true" signature="tearDown()[pri:0, instance:Test.StandAloneTest@4d1c005e]" started-at="2024-07-04T13:15:54 EDT" name="tearDown" finished-at="2024-07-04T13:15:54 EDT" duration-ms="90" status="PASS">
          <reporter-output>
          </reporter-output>
        </test-method> <!-- tearDown -->
        <test-method is-config="true" signature="LaunchApplication()[pri:0, instance:Test.StandAloneTest@4d1c005e]" started-at="2024-07-04T13:15:54 EDT" name="LaunchApplication" finished-at="2024-07-04T13:15:59 EDT" duration-ms="4807" status="PASS">
          <reporter-output>
          </reporter-output>
        </test-method> <!-- LaunchApplication -->
        <test-method signature="submitOrder()[pri:0, instance:Test.StandAloneTest@4d1c005e]" started-at="2024-07-04T13:15:59 EDT" name="submitOrder" finished-at="2024-07-04T13:16:05 EDT" duration-ms="5950" status="PASS">
          <reporter-output>
          </reporter-output>
        </test-method> <!-- submitOrder -->
        <test-method is-config="true" signature="tearDown()[pri:0, instance:Test.StandAloneTest@4d1c005e]" started-at="2024-07-04T13:16:05 EDT" name="tearDown" finished-at="2024-07-04T13:16:05 EDT" duration-ms="92" status="PASS">
          <reporter-output>
          </reporter-output>
        </test-method> <!-- tearDown -->
      </class> <!-- Test.StandAloneTest -->
    </test> <!-- Submit Order -->
  </suite> <!-- Suite -->
</testng-results>
